<?xml version="1.0" encoding="UTF-8"?>
<testsuite xmlns:xsi="http://www.w3.org/2001/XMLSchema-instance" xsi:noNamespaceSchemaLocation="https://maven.apache.org/surefire/maven-surefire-plugin/xsd/surefire-test-report-3.0.xsd" version="3.0" name="com.power.AppTest" time="0.043" tests="5" errors="0" skipped="0" failures="0">
  <properties>
[...]
</properties>
  <testcase name="testPower(double, int, double)[1]" classname="com.power.AppTest" time="0.015"/>
  <testcase name="testPower(double, int, double)[2]" classname="com.power.AppTest" time="0.001"/>
  <testcase name="testPower(double, int, double)[3]" classname="com.power.AppTest" time="0.001"/>
  <testcase name="testPower(double, int, double)[4]" classname="com.power.AppTest" time="0.0"/>
  <testcase name="testPower(double, int, double)[5]" classname="com.power.AppTest" time="0.001"/>
</testsuite>